<?xml version="1.0" encoding="UTF-8"?>
<!-- Generated by org.testng.reporters.JUnitReportReporter -->
<testsuite hostname="LAPTOP-R0SMGEJT" failures="0" tests="3" name="com.MyTest.LoginTest" time="33.666" errors="0" timestamp="2023-07-06T15:59:39 IST" skipped="0">
  <testcase classname="com.MyTest.LoginTest" name="verifyLoginPageTitleTest" time="8.923"/>
  <system-out/>
  <testcase classname="com.MyTest.LoginTest" name="verifyLoginPageHeaderTest" time="9.078"/>
  <system-out/>
  <testcase classname="com.MyTest.LoginTest" name="dologintest" time="15.665"/>
  <system-out/>
</testsuite> <!-- com.MyTest.LoginTest -->
